<?xml version="1.0" encoding="UTF-8"?>
<CBAMQuarterlyReport xmlns="http://ec.europa.eu/cbam/quarterly-report/1.4.1">
  <declarant>
    <EORI>DE123456789012345</EORI>
    <name>Test Company GmbH</name>
    <address>
      <streetAndNumber>TeststraÃŸe 123</streetAndNumber>
      <city>Berlin</city>
      <postalCode>10115</postalCode>
      <countryCode>DE</countryCode>
    </address>
  </declarant>
  <reportingPeriod>
    <year>2025</year>
    <quarter>3</quarter>
  </reportingPeriod>
  <goodsImports>
    <goodsImport>
      <commodityCode>72071100</commodityCode>
      <goodsQuantity>1000.50</goodsQuantity>
      <totalEmissions>250.25</totalEmissions>
      <countryOfOrigin>CN</countryOfOrigin>
      <installationIdentifier>CN-12345</installationIdentifier>
    </goodsImport>
  </goodsImports>
</CBAMQuarterlyReport>
